<?xml version="1.0" encoding="UTF-8"?>
<!-- Generated by org.testng.reporters.JUnitReportReporter -->
<testsuite hostname="DESKTOP-GHKE3PU" failures="0" tests="8" name="testCases.LoginTest" time="92.493" errors="0" timestamp="2023-04-13T12:58:47 EET" skipped="0">
  <testcase classname="testCases.LoginTest" name="clickONLoginButtonWithoutdata" time="7.235"/>
  <system-out/>
  <testcase classname="testCases.LoginTest" name="loginWithInValidID" time="12.824"/>
  <system-out/>
  <testcase classname="testCases.LoginTest" name="loginWithInValidID" time="11.148"/>
  <system-out/>
  <testcase classname="testCases.LoginTest" name="loginWithInValidPassword" time="7.695"/>
  <system-out/>
  <testcase classname="testCases.LoginTest" name="loginWithInValidPassword" time="8.404"/>
  <system-out/>
  <testcase classname="testCases.LoginTest" name="loginWithInValidPassword" time="8.552"/>
  <system-out/>
  <testcase classname="testCases.LoginTest" name="loginWithemptyID" time="8.267"/>
  <system-out/>
  <testcase classname="testCases.LoginTest" name="loginWithValidData" time="28.368"/>
  <system-out/>
</testsuite> <!-- testCases.LoginTest -->
