<?xml version="1.0" encoding="UTF-8"?>
<!-- Generated by org.testng.reporters.JUnitReportReporter -->
<testsuite hostname="DESKTOP-GHKE3PU" failures="0" tests="1" name="testCases.AddNewItemTest" time="47.461" errors="0" timestamp="2023-04-13T12:58:47 EET" skipped="0">
  <testcase classname="testCases.AddNewItemTest" name="addNewItem" time="47.461"/>
  <system-out/>
</testsuite> <!-- testCases.AddNewItemTest -->
